<?xml version="1.0" encoding="UTF-8"?>
<coverage generated="1610425878996" clover="3.2.0">
  <project timestamp="1610425878996" name="All files">
    <metrics statements="16" coveredstatements="16" conditionals="6" coveredconditionals="6" methods="2" coveredmethods="2" elements="24" coveredelements="24" complexity="0" loc="16" ncloc="16" packages="1" files="1" classes="1"/>
    <file name="index.ts" path="/Users/kazukitsuruta/dev/fizzbuzz-ynwa2021/src/index.ts">
      <metrics statements="16" coveredstatements="16" conditionals="6" coveredconditionals="6" methods="2" coveredmethods="2"/>
      <line num="1" count="1" type="stmt"/>
      <line num="3" count="2" type="stmt"/>
      <line num="4" count="2" type="stmt"/>
      <line num="5" count="200" type="stmt"/>
      <line num="7" count="2" type="stmt"/>
      <line num="11" count="1" type="stmt"/>
      <line num="13" count="600" type="stmt"/>
      <line num="14" count="600" type="cond" truecount="2" falsecount="0"/>
      <line num="15" count="112" type="stmt"/>
      <line num="16" count="488" type="cond" truecount="2" falsecount="0"/>
      <line num="17" count="128" type="stmt"/>
      <line num="18" count="360" type="cond" truecount="2" falsecount="0"/>
      <line num="19" count="154" type="stmt"/>
      <line num="21" count="206" type="stmt"/>
      <line num="23" count="600" type="stmt"/>
      <line num="27" count="1" type="stmt"/>
    </file>
  </project>
</coverage>
