<?xml version="1.0" encoding="UTF-8"?>
<coverage generated="1610607050382" clover="3.2.0">
  <project timestamp="1610607050382" name="All files">
    <metrics statements="19" coveredstatements="19" conditionals="6" coveredconditionals="6" methods="6" coveredmethods="6" elements="31" coveredelements="31" complexity="0" loc="19" ncloc="19" packages="1" files="1" classes="1"/>
    <file name="index.ts" path="/Users/kazukitsuruta/dev/fizzbuzz-ynwa2021/src/index.ts">
      <metrics statements="19" coveredstatements="19" conditionals="6" coveredconditionals="6" methods="6" coveredmethods="6"/>
      <line num="1" count="1" type="stmt"/>
      <line num="3" count="200" type="stmt"/>
      <line num="4" count="2" type="stmt"/>
      <line num="5" count="2" type="stmt"/>
      <line num="9" count="1" type="stmt"/>
      <line num="11" count="205" type="stmt"/>
      <line num="12" count="3" type="stmt"/>
      <line num="13" count="3" type="stmt"/>
      <line num="17" count="1" type="stmt"/>
      <line num="19" count="213" type="cond" truecount="2" falsecount="0"/>
      <line num="20" count="14" type="stmt"/>
      <line num="21" count="199" type="cond" truecount="2" falsecount="0"/>
      <line num="22" count="31" type="stmt"/>
      <line num="23" count="168" type="cond" truecount="2" falsecount="0"/>
      <line num="24" count="57" type="stmt"/>
      <line num="26" count="111" type="stmt"/>
      <line num="31" count="1" type="stmt"/>
      <line num="33" count="4" type="stmt"/>
      <line num="38" count="1" type="stmt"/>
    </file>
  </project>
</coverage>
