{"/Users/kazukitsuruta/dev/fizzbuzz-ynwa2021/src/index.ts": {"path":"/Users/kazukitsuruta/dev/fizzbuzz-ynwa2021/src/index.ts","statementMap":{"0":{"start":{"line":1,"column":29},"end":{"line":7,"column":1}},"1":{"start":{"line":3,"column":40},"end":{"line":3,"column":91}},"2":{"start":{"line":3,"column":85},"end":{"line":3,"column":91}},"3":{"start":{"line":4,"column":29},"end":{"line":4,"column":55}},"4":{"start":{"line":5,"column":4},"end":{"line":5,"column":20}},"5":{"start":{"line":1,"column":13},"end":{"line":1,"column":29}},"6":{"start":{"line":9,"column":28},"end":{"line":15,"column":1}},"7":{"start":{"line":11,"column":21},"end":{"line":11,"column":55}},"8":{"start":{"line":11,"column":37},"end":{"line":11,"column":55}},"9":{"start":{"line":12,"column":27},"end":{"line":12,"column":45}},"10":{"start":{"line":13,"column":4},"end":{"line":13,"column":26}},"11":{"start":{"line":9,"column":13},"end":{"line":9,"column":28}},"12":{"start":{"line":17,"column":30},"end":{"line":29,"column":1}},"13":{"start":{"line":19,"column":4},"end":{"line":27,"column":null}},"14":{"start":{"line":20,"column":6},"end":{"line":20,"column":25}},"15":{"start":{"line":21,"column":11},"end":{"line":27,"column":null}},"16":{"start":{"line":22,"column":6},"end":{"line":22,"column":20}},"17":{"start":{"line":23,"column":11},"end":{"line":27,"column":null}},"18":{"start":{"line":24,"column":6},"end":{"line":24,"column":20}},"19":{"start":{"line":26,"column":6},"end":{"line":26,"column":31}},"20":{"start":{"line":17,"column":13},"end":{"line":17,"column":30}},"21":{"start":{"line":31,"column":24},"end":{"line":35,"column":1}},"22":{"start":{"line":33,"column":4},"end":{"line":33,"column":27}},"23":{"start":{"line":31,"column":13},"end":{"line":31,"column":24}},"24":{"start":{"line":38,"column":0},"end":{"line":38,"column":null}}},"fnMap":{"0":{"name":"(anonymous_0)","decl":{"start":{"line":1,"column":29},"end":{"line":1,"column":null}},"loc":{"start":{"line":1,"column":29},"end":{"line":7,"column":1}}},"1":{"name":"(anonymous_1)","decl":{"start":{"line":3,"column":78},"end":{"line":3,"column":79}},"loc":{"start":{"line":3,"column":80},"end":{"line":3,"column":86}}},"2":{"name":"(anonymous_2)","decl":{"start":{"line":9,"column":28},"end":{"line":9,"column":29}},"loc":{"start":{"line":9,"column":50},"end":{"line":15,"column":1}}},"3":{"name":"(anonymous_3)","decl":{"start":{"line":11,"column":32},"end":{"line":11,"column":33}},"loc":{"start":{"line":11,"column":33},"end":{"line":11,"column":51}}},"4":{"name":"(anonymous_4)","decl":{"start":{"line":17,"column":30},"end":{"line":17,"column":31}},"loc":{"start":{"line":17,"column":45},"end":{"line":29,"column":1}}},"5":{"name":"(anonymous_5)","decl":{"start":{"line":31,"column":24},"end":{"line":31,"column":25}},"loc":{"start":{"line":31,"column":45},"end":{"line":35,"column":1}}}},"branchMap":{"0":{"loc":{"start":{"line":19,"column":4},"end":{"line":27,"column":null}},"type":"if","locations":[{"start":{"line":19,"column":4},"end":{"line":27,"column":null}},{"start":{"line":19,"column":4},"end":{"line":27,"column":null}}]},"1":{"loc":{"start":{"line":21,"column":11},"end":{"line":27,"column":null}},"type":"if","locations":[{"start":{"line":21,"column":11},"end":{"line":27,"column":null}},{"start":{"line":21,"column":11},"end":{"line":27,"column":null}}]},"2":{"loc":{"start":{"line":23,"column":11},"end":{"line":27,"column":null}},"type":"if","locations":[{"start":{"line":23,"column":11},"end":{"line":27,"column":null}},{"start":{"line":23,"column":11},"end":{"line":27,"column":null}}]}},"s":{"0":1,"1":2,"2":200,"3":2,"4":2,"5":1,"6":1,"7":3,"8":205,"9":3,"10":3,"11":1,"12":1,"13":213,"14":14,"15":199,"16":31,"17":168,"18":57,"19":111,"20":1,"21":1,"22":4,"23":1,"24":1},"f":{"0":2,"1":200,"2":3,"3":205,"4":213,"5":4},"b":{"0":[14,199],"1":[31,168],"2":[57,111]}}
}
