{"/Users/kazukitsuruta/dev/fizzbuzz-ynwa2021/src/index.ts": {"path":"/Users/kazukitsuruta/dev/fizzbuzz-ynwa2021/src/index.ts","statementMap":{"0":{"start":{"line":3,"column":20},"end":{"line":3,"column":22}},"1":{"start":{"line":4,"column":2},"end":{"line":6,"column":null}},"2":{"start":{"line":4,"column":14},"end":{"line":4,"column":15}},"3":{"start":{"line":5,"column":4},"end":{"line":5,"column":31}},"4":{"start":{"line":7,"column":2},"end":{"line":7,"column":25}},"5":{"start":{"line":1,"column":0},"end":{"line":1,"column":16}},"6":{"start":{"line":13,"column":15},"end":{"line":13,"column":17}},"7":{"start":{"line":14,"column":4},"end":{"line":22,"column":null}},"8":{"start":{"line":15,"column":8},"end":{"line":15,"column":33}},"9":{"start":{"line":16,"column":13},"end":{"line":22,"column":null}},"10":{"start":{"line":17,"column":8},"end":{"line":17,"column":28}},"11":{"start":{"line":18,"column":13},"end":{"line":22,"column":null}},"12":{"start":{"line":19,"column":8},"end":{"line":19,"column":28}},"13":{"start":{"line":21,"column":8},"end":{"line":21,"column":28}},"14":{"start":{"line":23,"column":6},"end":{"line":23,"column":null}},"15":{"start":{"line":11,"column":0},"end":{"line":11,"column":16}},"16":{"start":{"line":27,"column":0},"end":{"line":27,"column":null}}},"fnMap":{"0":{"name":"printOneToHundred","decl":{"start":{"line":1,"column":16},"end":{"line":1,"column":33}},"loc":{"start":{"line":1,"column":33},"end":{"line":9,"column":1}}},"1":{"name":"tofizzbuzz","decl":{"start":{"line":11,"column":16},"end":{"line":11,"column":26}},"loc":{"start":{"line":11,"column":42},"end":{"line":25,"column":5}}}},"branchMap":{"0":{"loc":{"start":{"line":14,"column":4},"end":{"line":22,"column":null}},"type":"if","locations":[{"start":{"line":14,"column":4},"end":{"line":22,"column":null}},{"start":{"line":14,"column":4},"end":{"line":22,"column":null}}]},"1":{"loc":{"start":{"line":16,"column":13},"end":{"line":22,"column":null}},"type":"if","locations":[{"start":{"line":16,"column":13},"end":{"line":22,"column":null}},{"start":{"line":16,"column":13},"end":{"line":22,"column":null}}]},"2":{"loc":{"start":{"line":18,"column":13},"end":{"line":22,"column":null}},"type":"if","locations":[{"start":{"line":18,"column":13},"end":{"line":22,"column":null}},{"start":{"line":18,"column":13},"end":{"line":22,"column":null}}]}},"s":{"0":2,"1":2,"2":2,"3":200,"4":2,"5":1,"6":600,"7":600,"8":112,"9":488,"10":128,"11":360,"12":154,"13":206,"14":600,"15":1,"16":1},"f":{"0":2,"1":600},"b":{"0":[112,488],"1":[128,360],"2":[154,206]}}
}
