TN:
SF:src/index.ts
FN:1,(anonymous_0)
FN:3,(anonymous_1)
FN:9,(anonymous_2)
FN:11,(anonymous_3)
FN:17,(anonymous_4)
FN:31,(anonymous_5)
FNF:6
FNH:6
FNDA:2,(anonymous_0)
FNDA:200,(anonymous_1)
FNDA:3,(anonymous_2)
FNDA:205,(anonymous_3)
FNDA:213,(anonymous_4)
FNDA:4,(anonymous_5)
DA:1,1
DA:3,200
DA:4,2
DA:5,2
DA:9,1
DA:11,205
DA:12,3
DA:13,3
DA:17,1
DA:19,213
DA:20,14
DA:21,199
DA:22,31
DA:23,168
DA:24,57
DA:26,111
DA:31,1
DA:33,4
DA:38,1
LF:19
LH:19
BRDA:19,0,0,14
BRDA:19,0,1,199
BRDA:21,1,0,31
BRDA:21,1,1,168
BRDA:23,2,0,57
BRDA:23,2,1,111
BRF:6
BRH:6
end_of_record
